[202020.net/index.html]
[backblue.gif]
[fade.gif]
[index.html]
[202020.net/anylinkmenu.css]
[202020.net/menucontents.js]
[202020.net/anylinkmenu.js]
[202020.net/ajaxtabs/ajaxtabs.css]
[202020.net/ajaxtabs/ajaxtabs.js]
[202020.net/jquerytabs/jquery.tabs.css]
[202020.net/js/jquery.js]
[202020.net/js/interface.js]
[202020.net/style.css]
[202020.net/Scripts/AC_RunActiveContent.js]
[ajax.cloudflare.com/cdn-cgi/scripts/7089c43e/cloudflare-static/rocket-loader.min.js]
[202020.net/ratteb/nav/main_up99.gif]
[202020.net/ratteb/tabs/main1.gif]
[202020.net/x/na/g20_128.png]
[202020.net/index-2.html]
[202020.net/short.html]
[202020.net/top.html]
[202020.net/x/na/logo_grreen_0.png]
[202020.net/x/map.png]
[202020.net/x/stocks.png]
[202020.net/x/home.png]
[202020.net/x/email.png]
[202020.net/x/portfolio.png]
[202020.net/x/music.png]
[202020.net/x/video.png]
[202020.net/x/history.png]
[202020.net/x/calendar.png]
[202020.net/x/rss.png]
[202020.net/x/blank.gif]
[202020.net/x/na/ads6.png]
[202020.net/x/aqar_fm.png]
[202020.net/x/haraj_2013.gif]
[202020.net/x/na/twlogo3.gif]
[202020.net/x/na/medrasati3.gif]
[202020.net/x/na/noor3.gif]
[202020.net/x/na/faris3.gif]
[202020.net/x/na/ien3.gif]
[202020.net/x/na/classera3.gif]
[202020.net/x/services.gif]
[202020.net/x/weather.gif]
[202020.net/x/11s.gif]
[202020.net/x/12s.gif]
[202020.net/x/academic_cap.gif]
[202020.net/x/saudi_logo.gif]
[202020.net/x/na/ads5.png]
[aff.bstatic.com/static/affiliate_base/js/flexiproduct.js]
[202020.net/x/k31.gif]
[202020.net/x/k30a.png]
[202020.net/x/i17.png]
[202020.net/x/k14.png]
[202020.net/x/k2.png]
[202020.net/x/k1.png]
[202020.net/x/d1.png]
[202020.net/x/d3.png]
[202020.net/x/a1.png]
[202020.net/x/flame1.gif]
[202020.net/x/a9.png]
[202020.net/x/c1.png]
[202020.net/x/r1.png]
[202020.net/x/na/74.png]
[202020.net/x/b1.png]
[202020.net/x/na/64.png]
[202020.net/x/n1.png]
[202020.net/x/o1.png]
[202020.net/x/g1.png]
[202020.net/x/g3.png]
[202020.net/x/na/73.png]
[202020.net/x/j16.png]
[202020.net/x/d11.png]
[202020.net/x/na/32.png]
[202020.net/x/h2.png]
[202020.net/x/f1.png]
[202020.net/x/g12.png]
[202020.net/x/g10.png]
[202020.net/x/g9.png]
[202020.net/x/footer5.gif]
[202020.net/x/na/88.png]
[202020.net/x/line_a.png]
[202020.net/x/na/84.png]
[202020.net/x/na/inl.png]
[202020.net/x/na/69.png]
[202020.net/x/na/zoom.png]
[202020.net/x/na/almanea.png]
[202020.net/x/na/co1.png]
[202020.net/x/na/co2.png]
[202020.net/x/na/new_added_2.png]
[202020.net/x/na/one.png]
[202020.net/tab_files/x1.html]
[202020.net/tab_files/x2.html]
[202020.net/x/na/b11a.png]
[202020.net/x/a2a.png]
[202020.net/x/a3.png]
[202020.net/x/a4.png]
[202020.net/x/a5.png]
[202020.net/x/lineb.png]
[202020.net/tab_files/x3.html]
[202020.net/tab_files/x4.html]
[202020.net/x/na/b10a.png]
[202020.net/x/b8.png]
[202020.net/x/b6.png]
[202020.net/x/b7.png]
[202020.net/x/b3.png]
[202020.net/tab_files/x5.html]
[202020.net/tab_files/x6.html]
[202020.net/x/na/b9a.png]
[202020.net/x/c5.png]
[202020.net/x/a2b.png]
[202020.net/x/c4a.png]
[202020.net/x/c23.png]
[202020.net/x/c2a.png]
[202020.net/tab_files/x7.html]
[202020.net/tab_files/x8.html]
[202020.net/x/na/b1a.png]
[202020.net/x/d2.png]
[202020.net/x/d6.png]
[202020.net/x/d7.png]
[202020.net/x/d23.png]
[202020.net/tab_files/x9.html]
[202020.net/tab_files/x10.html]
[202020.net/x/na/b7a.png]
[202020.net/x/e1.png]
[202020.net/x/e2.png]
[202020.net/x/e3.png]
[202020.net/x/e6.png]
[202020.net/x/na/35.png]
[202020.net/x/na/58.png]
[202020.net/x/na/two.png]
[202020.net/tab_files/x11.html]
[202020.net/tab_files/x12.html]
[202020.net/x/na/b2a.png]
[202020.net/x/na/63.png]
[202020.net/x/k25.png]
[202020.net/x/na/39.png]
[202020.net/x/k33.png]
[202020.net/x/k8.png]
[202020.net/tab_files/x13.html]
[202020.net/tab_files/x14.html]
[202020.net/x/na/b4a.png]
[202020.net/x/k6a.png]
[202020.net/x/k4.png]
[202020.net/tab_files/x15.html]
[202020.net/tab_files/x16.html]
[202020.net/tab_files/x16a.html]
[202020.net/x/na/b3a.png]
[202020.net/x/g22.png]
[202020.net/tab_files/x17.html]
[202020.net/tab_files/x18.html]
[202020.net/x/na/b5a.png]
[202020.net/x/o5.png]
[202020.net/x/o6.png]
[202020.net/x/na/36.png]
[202020.net/x/na/60.png]
[202020.net/x/na/38.png]
[202020.net/tab_files/x19.html]
[202020.net/tab_files/x20.html]
[202020.net/tab_files/x52.html]
[202020.net/x/na/b6a.png]
[202020.net/x/na/23.png]
[202020.net/x/o25.png]
[202020.net/x/na/three.png]
[202020.net/tab_files/x35.html]
[202020.net/tab_files/x36.html]
[202020.net/x/na/b19a.png]
[202020.net/x/j22.png]
[202020.net/x/o7.png]
[202020.net/x/na/ethrai.png]
[202020.net/tab_files/x33.html]
[202020.net/tab_files/x34.html]
[202020.net/x/na/b18a.png]
[202020.net/x/j1.png]
[202020.net/x/j2.png]
[202020.net/x/na/twk.png]
[202020.net/x/na/med.png]
[202020.net/x/na/ien.png]
[202020.net/x/na/2.png]
[202020.net/tab_files/x25.html]
[202020.net/tab_files/x26.html]
[202020.net/x/na/b14a.png]
[202020.net/x/na/4.png]
[202020.net/x/na/20.png]
[202020.net/x/na/28.png]
[202020.net/x/na/80.png]
[202020.net/x/g13.png]
[202020.net/x/na/31.png]
[202020.net/tab_files/x27.html]
[202020.net/tab_files/x28.html]
[202020.net/x/na/b15a.png]
[202020.net/x/n2.png]
[202020.net/x/na/22.png]
[202020.net/x/na/197.png]
[202020.net/x/o27.png]
[202020.net/tab_files/x29.html]
[202020.net/tab_files/x30.html]
[202020.net/x/na/b16a.png]
[202020.net/x/f2.png]
[202020.net/x/f3.png]
[202020.net/x/f4.png]
[202020.net/x/f11.png]
[202020.net/x/f6.png]
[202020.net/x/b_400.png]
[202020.net/x/na/four.png]
[202020.net/tab_files/x21.html]
[202020.net/tab_files/x22.html]
[202020.net/x/na/b12a.png]
[202020.net/x/na/19.png]
[202020.net/x/na/26.png]
[202020.net/x/na/40.png]
[202020.net/x/na/41.png]
[202020.net/x/g7.png]
[202020.net/tab_files/x23.html]
[202020.net/tab_files/x24.html]
[202020.net/x/na/b13a.png]
[202020.net/x/o10.png]
[202020.net/x/p2.png]
[202020.net/x/p3.png]
[202020.net/x/p1.png]
[202020.net/x/p4.png]
[202020.net/x/na/65.png]
[202020.net/tab_files/x31.html]
[202020.net/tab_files/x32.html]
[202020.net/x/na/b17a.png]
[202020.net/x/b13.png]
[202020.net/x/e8.png]
[202020.net/x/r2.png]
[202020.net/x/e7.png]
[202020.net/x/na/8.png]
[202020.net/tab_files/x37.html]
[202020.net/tab_files/x38.html]
[202020.net/x/na/b20a.png]
[202020.net/x/s7.png]
[202020.net/x/s8.png]
[202020.net/x/s9.png]
[202020.net/x/s10.png]
[202020.net/x/s1.png]
[202020.net/x/na/10.png]
[202020.net/tab_files/x39.html]
[202020.net/tab_files/x40.html]
[202020.net/x/na/b21a.png]
[202020.net/x/h1.png]
[202020.net/x/h3.png]
[202020.net/x/h4.png]
[202020.net/x/h6.png]
[202020.net/x/h7.png]
[202020.net/x/na/five.png]
[202020.net/tab_files/x41.html]
[202020.net/tab_files/x42.html]
[202020.net/x/na/b22a.png]
[202020.net/x/i18.png]
[202020.net/x/i7.png]
[202020.net/x/w1.png]
[202020.net/x/w4.png]
[202020.net/x/w5.png]
[202020.net/tab_files/x43.html]
[202020.net/tab_files/x44.html]
[202020.net/x/na/b23a.png]
[202020.net/x/i1.png]
[202020.net/x/i4.png]
[202020.net/x/i3.png]
[202020.net/x/i13.png]
[202020.net/x/i6.png]
[202020.net/tab_files/x45.html]
[202020.net/tab_files/x46.html]
[202020.net/x/na/b24a.png]
[202020.net/x/o24.png]
[202020.net/x/na/162.png]
[202020.net/x/na/44.png]
[202020.net/x/na/171.png]
[202020.net/x/c3.png]
[202020.net/x/na/43.png]
[202020.net/tab_files/x47.html]
[202020.net/tab_files/x48.html]
[202020.net/x/na/b25a.png]
[202020.net/x/l1.png]
[202020.net/x/l12.png]
[202020.net/x/l3.png]
[202020.net/x/l4.png]
[202020.net/x/l5.png]
[202020.net/x/l11.png]
[202020.net/tab_files/x49.html]
[202020.net/tab_files/x50.html]
[202020.net/x/na/b8a.png]
[202020.net/x/e9.png]
[202020.net/x/e10.png]
[202020.net/x/na/11.png]
[202020.net/x/q1.png]
[202020.net/cdn-cgi/l/email-protection.html]
[202020.net/index.html]
[202020.net/anylinkmenu.css]
[202020.net/cdn-cgi/scripts/5c5dd728/cloudflare-static/email-decode.min.js]
[202020.net/ajaxtabs/shade.gif]
[202020.net/ajaxtabs/shadeactive.gif]
[202020.net/ajaxtabs/indentbg.gif]
[202020.net/ajaxtabs/indentbg2.gif]
[202020.net/ajaxtabs/ajaxtabs.css]
[202020.net/jquerytabs/jquery.tabs.html]
[202020.net/images/dock-bg2.gif]
[202020.net/images/dock-bg.gif]
[202020.net/style.css]
[202020.net/ratteb/nav/main_up99.html]
[202020.net/ratteb/tabs/main1.html]
[202020.net/index-2.html]
[202020.net/tab_files/z1.html]
[202020.net/tab_files/z2.html]
[202020.net/tab_files/z3.html]
[202020.net/tab_files/z4.html]
[202020.net/tab_files/z5.html]
[202020.net/tab_files/z6.html]
[202020.net/tab_files/z7.html]
[202020.net/tab_files/z8.html]
[202020.net/tab_files/z9.html]
[202020.net/tab_files/z10.html]
[202020.net/tab_files/z11.html]
[202020.net/tab_files/z12.html]
[202020.net/tab_files/z13.html]
[202020.net/tab_files/z14.html]
[202020.net/tab_files/z15.html]
[202020.net/tab_files/z16.html]
[202020.net/tab_files/z17.html]
[202020.net/tab_files/z18.html]
[202020.net/tab_files/z19.html]
[202020.net/tab_files/z20.html]
[202020.net/tab_files/z35.html]
[202020.net/tab_files/z36.html]
[202020.net/tab_files/z33.html]
[202020.net/tab_files/z34.html]
[202020.net/tab_files/z25.html]
[202020.net/tab_files/z26.html]
[202020.net/tab_files/z27.html]
[202020.net/tab_files/z28.html]
[202020.net/tab_files/z29.html]
[202020.net/short.html]
[202020.net/tab_files/z30.html]
[202020.net/x/c9.png]
[202020.net/x/na/blank.png]
[202020.net/x/na/186.png]
[202020.net/x/na/193.png]
[202020.net/x/na/189.png]
[202020.net/x/d22.png]
[202020.net/x/na/finance_yahoo.gif]
[202020.net/x/na/sa.png]
[202020.net/x/na/83.png]
[202020.net/x/na/d12.png]
[202020.net/x/na/102.png]
[202020.net/x/na/adobe.gif]
[202020.net/x/d25.png]
[202020.net/x/na/156.png]
[202020.net/x/g5.png]
[202020.net/x/g11.png]
[202020.net/x/na/90.png]
[202020.net/x/c10.png]
[202020.net/x/e5.png]
[202020.net/x/na/152.png]
[202020.net/x/d8.png]
[202020.net/x/o8.png]
[202020.net/x/e12.png]
[202020.net/x/na/161.png]
[202020.net/x/na/153.png]
[202020.net/x/d14.png]
[202020.net/x/u1.png]
[202020.net/x/m11.png]
[202020.net/x/na/61.png]
[202020.net/x/na/49.png]
[202020.net/x/na/canva.gif]
[202020.net/x/na/150.png]
[202020.net/x/d10.png]
[202020.net/x/na/3.png]
[202020.net/x/d21.png]
[202020.net/x/f10.png]
[202020.net/x/na/190.png]
[202020.net/x/d15.png]
[202020.net/x/d16.png]
[202020.net/x/d18.png]
[202020.net/x/f5.png]
[202020.net/x/o16.png]
[202020.net/x/na/174.png]
[202020.net/x/na/tvtc.gif]
[202020.net/x/na/157.png]
[202020.net/x/b14.png]
[202020.net/x/na/esty.png]
[202020.net/x/f12.png]
[202020.net/x/h11.png]
[202020.net/x/o31.png]
[202020.net/x/n11.png]
[202020.net/x/j10.png]
[202020.net/x/na/109.png]
[202020.net/x/na/grammarly.png]
[202020.net/x/j28.gif]
[202020.net/x/na/29.png]
[202020.net/x/na/mudad.gif]
[202020.net/x/na/derayah.gif]
[202020.net/x/na/48.png]
[202020.net/x/na/bathandbodyworks.png]
[202020.net/x/o11.png]
[202020.net/x/g24.png]
[202020.net/x/na/165.png]
[202020.net/x/b5.png]
[202020.net/x/e14.gif]
[202020.net/x/na/banggood.png]
[202020.net/x/na/archive.gif]
[202020.net/x/na/tickerchart.gif]
[202020.net/x/na/172.png]
[202020.net/x/na/27.png]
[202020.net/x/na/181.png]
[202020.net/x/g16.png]
[202020.net/x/na/14.png]
[202020.net/x/na/151.png]
[202020.net/x/na/bupa.png]
[202020.net/x/na/86.png]
[202020.net/x/g6.png]
[202020.net/x/na/179.png]
[202020.net/x/na/159.png]
[202020.net/x/p8.png]
[202020.net/x/na/70.png]
[202020.net/x/f8.png]
[202020.net/x/s2.png]
[202020.net/x/j27.png]
[202020.net/x/na/Hootsuite.gif]
[202020.net/x/na/tameeni.png]
[202020.net/x/na/180.png]
[202020.net/x/na/104.png]
[202020.net/x/na/21.png]
[202020.net/x/na/backtoschool.png]
[202020.net/x/na/107.png]
[202020.net/x/na/quizizz.gif]
[202020.net/x/g8.png]
[202020.net/x/d9.png]
[202020.net/x/d24.png]
[202020.net/x/na/185.png]
[202020.net/x/na/24.png]
[202020.net/x/na/carrefourksa.gif]
[202020.net/x/na/dimofinf.gif]
[202020.net/x/a6.png]
[202020.net/x/na/osn.gif]
[202020.net/x/na/46.png]
[202020.net/x/na/160.png]
[202020.net/x/na/Stcpay.gif]
[202020.net/x/e11.png]
[202020.net/x/na/fast.png]
[202020.net/x/na/customs.png]
[202020.net/x/na/81.png]
[202020.net/x/na/91.png]
[202020.net/x/na/16.png]
[202020.net/x/na/centrepointstores.png]
[202020.net/x/o15.png]
[202020.net/x/na/bezaat.gif]
[202020.net/x/na/sotor.gif]
[202020.net/x/na/170.png]
[202020.net/x/na/mubasher.gif]
[202020.net/x/na/saip.gif]
[202020.net/x/na/12.png]
[202020.net/x/b4.png]
[202020.net/x/na/191.png]
[202020.net/x/na/Voxcinemas.gif]
[202020.net/x/k13.png]
[202020.net/x/na/158.png]
[202020.net/x/p9.png]
[202020.net/x/f9.png]
[202020.net/x/g18.png]
[202020.net/x/n13.png]
[202020.net/x/na/182.png]
[202020.net/top.html]
[202020.net/x/na/183.png]
[202020.net/tab_files/x1.html]
[202020.net/x/na/b31a.png]
[202020.net/x/na/110.png]
[202020.net/x/na/111.png]
[202020.net/x/na/112.png]
[202020.net/x/na/113.png]
[202020.net/x/na/114.png]
[202020.net/x/na/115.png]
[202020.net/tab_files/x2.html]
[202020.net/x/b10.png]
[202020.net/x/b11.png]
[202020.net/tab_files/x3.html]
[202020.net/x/b16.png]
[202020.net/x/b17.png]
[202020.net/x/b15.png]
[202020.net/tab_files/x4.html]
[202020.net/x/c7.png]
[202020.net/x/c6.png]
[202020.net/x/c8.png]
[202020.net/x/c21.png]
[202020.net/x/na/asharqbusiness1.gif]
[202020.net/x/na/asharq.gif]
[202020.net/tab_files/x5.html]
[202020.net/x/na/b28a.png]
[202020.net/x/na/c4b.png]
[202020.net/x/c11.png]
[202020.net/x/c13.png]
[202020.net/x/c14.png]
[202020.net/x/c15.png]
[202020.net/x/c20.png]
[202020.net/tab_files/x6.html]
[202020.net/x/na/b27a.png]
[202020.net/x/d5.png]
[202020.net/x/d13.png]
[202020.net/x/j23.png]
[202020.net/tab_files/x7.html]
[202020.net/tab_files/x8.html]
[202020.net/tab_files/x9.html]
[202020.net/tab_files/x10.html]
[202020.net/x/k34.png]
[202020.net/x/k32.png]
[202020.net/x/k12.png]
[202020.net/tab_files/x11.html]
[202020.net/x/na/76.png]
[202020.net/x/na/78.png]
[202020.net/tab_files/x12.html]
[202020.net/x/na/79.png]
[202020.net/x/k11.png]
[202020.net/tab_files/x13.html]
[202020.net/x/k5.png]
[202020.net/x/k7.png]
[202020.net/x/k9.png]
[202020.net/x/k3.png]
[202020.net/tab_files/x14.html]
[202020.net/x/g17.png]
[202020.net/tab_files/x15.html]
[202020.net/tab_files/x16.html]
[202020.net/tab_files/x16a.html]
[202020.net/tab_files/x17.html]
[202020.net/x/na/199.png]
[202020.net/x/na/200.png]
[202020.net/x/na/201.png]
[202020.net/tab_files/x18.html]
[202020.net/x/o9.png]
[202020.net/tab_files/x19.html]
[202020.net/x/na/92.png]
[202020.net/x/na/89.png]
[202020.net/x/na/82.png]
[202020.net/tab_files/x20.html]
[202020.net/x/na/93.png]
[202020.net/x/na/94.png]
[202020.net/x/na/95.png]
[202020.net/x/na/mwathiq.png]
[202020.net/x/na/47.png]
[202020.net/tab_files/x52.html]
[202020.net/tab_files/x35.html]
[202020.net/tab_files/x36.html]
[202020.net/x/j4.png]
[202020.net/tab_files/x33.html]
[202020.net/x/j13.png]
[202020.net/x/na/sahelsa.png]
[202020.net/x/j20.png]
[202020.net/x/j3.png]
[202020.net/x/j7.png]
[202020.net/x/j6.png]
[202020.net/tab_files/x34.html]
[202020.net/x/na/51.png]
[202020.net/x/na/50.png]
[202020.net/tab_files/x25.html]
[202020.net/x/na/103.png]
[202020.net/tab_files/x26.html]
[202020.net/x/na/85.png]
[202020.net/tab_files/x27.html]
[202020.net/tab_files/x28.html]
[202020.net/x/f7.png]
[202020.net/tab_files/x29.html]
[202020.net/x/na/108.png]
[202020.net/tab_files/x30.html]
[202020.net/tab_files/x21.html]
[202020.net/tab_files/x22.html]
[202020.net/x/p5.png]
[202020.net/x/p6.png]
[202020.net/x/p7.png]
[202020.net/tab_files/x23.html]
[202020.net/tab_files/x24.html]
[202020.net/x/na/67.png]
[202020.net/x/na/68.png]
[202020.net/x/r7.png]
[202020.net/x/r4.png]
[202020.net/x/r6.png]
[202020.net/tab_files/x31.html]
[202020.net/tab_files/x32.html]
[202020.net/x/s5.png]
[202020.net/x/s3.png]
[202020.net/x/s6.png]
[202020.net/x/na/105.png]
[202020.net/tab_files/x37.html]
[202020.net/tab_files/x38.html]
[202020.net/x/h10.png]
[202020.net/x/h9.png]
[202020.net/x/h8.png]
[202020.net/x/na/25.png]
[202020.net/x/na/71.png]
[202020.net/tab_files/x39.html]
[202020.net/tab_files/x40.html]
[202020.net/tab_files/x41.html]
[202020.net/tab_files/x42.html]
[202020.net/tab_files/x43.html]
[202020.net/tab_files/x44.html]
[202020.net/x/na/55.png]
[202020.net/x/na/57.png]
[202020.net/x/na/53.png]
[202020.net/x/na/52.png]
[202020.net/tab_files/x45.html]
[202020.net/x/na/62.png]
[202020.net/x/na/42.png]
[202020.net/tab_files/x46.html]
[202020.net/x/l7.png]
[202020.net/x/l6.png]
[202020.net/x/l9.png]
[202020.net/x/l13.png]
[202020.net/tab_files/x47.html]
[202020.net/tab_files/x48.html]
[202020.net/x/q5.png]
[202020.net/x/q3.png]
[202020.net/x/a8.png]
[202020.net/x/q4.png]
[202020.net/tab_files/x49.html]
[202020.net/tab_files/x50.html]
[202020.net/cdn-cgi/l/email-protection.html]
[202020.net/images/dock-bg2.html]
[202020.net/images/dock-bg.html]
[202020.net/tab_files/z1.html]
[202020.net/tab_files/z2.html]
[202020.net/tab_files/z3.html]
[202020.net/x/b12.png]
[202020.net/tab_files/z4.html]
[202020.net/tab_files/z5.html]
[202020.net/tab_files/z6.html]
[202020.net/tab_files/z7.html]
[202020.net/x/d4.png]
[202020.net/tab_files/z8.html]
[202020.net/tab_files/z9.html]
[202020.net/tab_files/z10.html]
[202020.net/tab_files/z11.html]
[202020.net/tab_files/z12.html]
[202020.net/tab_files/z13.html]
[202020.net/tab_files/z14.html]
[202020.net/tab_files/z15.html]
[202020.net/tab_files/z16.html]
[202020.net/tab_files/z17.html]
[202020.net/tab_files/z18.html]
[202020.net/x/o18.png]
[202020.net/tab_files/z19.html]
[202020.net/tab_files/z20.html]
[202020.net/tab_files/z35.html]
[202020.net/tab_files/z36.html]
[202020.net/x/na/1.png]
[202020.net/x/j11.png]
[202020.net/tab_files/z33.html]
[202020.net/x/j5.png]
[202020.net/x/j12.png]
[202020.net/tab_files/z34.html]
[202020.net/tab_files/z25.html]
[202020.net/tab_files/z26.html]
[202020.net/tab_files/z27.html]
[202020.net/tab_files/z28.html]
[202020.net/tab_files/z29.html]
[202020.net/tab_files/z30.html]
